## ==============================================================
## Vivado(TM) HLS - High-Level Synthesis from C, C++ and SystemC v2019.1 (64-bit)
## Copyright 1986-2019 Xilinx, Inc. All Rights Reserved.
## ==============================================================

****** Vivado v2019.1 (64-bit)
  **** SW Build 2552052 on Fri May 24 14:47:09 MDT 2019
  **** IP Build 2548770 on Fri May 24 18:01:18 MDT 2019
    ** Copyright 1986-2019 Xilinx, Inc. All Rights Reserved.

source run_vivadosyn.tcl -notrace
INFO: [IP_Flow 19-234] Refreshing IP repositories
INFO: [IP_Flow 19-1700] Loaded user IP repository '/home/mayor/PINN/solution1/impl/ip'.
INFO: [IP_Flow 19-2313] Loaded Vivado IP repository '/home/mayor/Documents/Vivado/2019.1/data/ip'.
Wrote  : </home/mayor/PINN/solution1/impl/verilog/project.srcs/sources_1/bd/bd_0/bd_0.bd> 
create_bd_design: Time (s): cpu = 00:00:00.45 ; elapsed = 00:00:11 . Memory (MB): peak = 1492.762 ; gain = 18.184 ; free physical = 124 ; free virtual = 1921
Slave segment </hls_inst/s_axi_AXILiteS/Reg> is being mapped into address space </s_axi_AXILiteS> at <0x0000_0000 [ 4K ]>
WARNING: [BD 41-927] Following properties on pin /hls_inst/ap_clk have been updated from connected ip. They may not be synchronized with cell properties. You can set property on pin directly to confirm the value and resolve the warning.
	CLK_DOMAIN=bd_0_ap_clk_0 
INFO: [#UNDEF] Changing parameter ADDR_WIDTH on bus interface /s_axi_AXILiteS from 5 to 12 due to existing assignment(s) on address space /s_axi_AXILiteS.
Wrote  : </home/mayor/PINN/solution1/impl/verilog/project.srcs/sources_1/bd/bd_0/bd_0.bd> 
VHDL Output written to : /home/mayor/PINN/solution1/impl/verilog/project.srcs/sources_1/bd/bd_0/synth/bd_0.v
VHDL Output written to : /home/mayor/PINN/solution1/impl/verilog/project.srcs/sources_1/bd/bd_0/sim/bd_0.v
VHDL Output written to : /home/mayor/PINN/solution1/impl/verilog/project.srcs/sources_1/bd/bd_0/hdl/bd_0_wrapper.v
Using BD top: bd_0_wrapper
INFO: [BD 41-1662] The design 'bd_0.bd' is already validated. Therefore parameter propagation will not be re-run.
VHDL Output written to : /home/mayor/PINN/solution1/impl/verilog/project.srcs/sources_1/bd/bd_0/synth/bd_0.v
VHDL Output written to : /home/mayor/PINN/solution1/impl/verilog/project.srcs/sources_1/bd/bd_0/sim/bd_0.v
VHDL Output written to : /home/mayor/PINN/solution1/impl/verilog/project.srcs/sources_1/bd/bd_0/hdl/bd_0_wrapper.v
WARNING: [IP_Flow 19-519] IP 'bd_0_hls_inst_0' detected a language mismatch between 'VHDL Simulation Wrapper' and 'Verilog Simulation' output products. Please check with the IP provider to see if this is expected.
INFO: [BD 41-1029] Generation completed for the IP Integrator block hls_inst .
Exporting to file /home/mayor/PINN/solution1/impl/verilog/project.srcs/sources_1/bd/bd_0/hw_handoff/bd_0.hwh
Generated Block Design Tcl file /home/mayor/PINN/solution1/impl/verilog/project.srcs/sources_1/bd/bd_0/hw_handoff/bd_0_bd.tcl
Generated Hardware Definition File /home/mayor/PINN/solution1/impl/verilog/project.srcs/sources_1/bd/bd_0/synth/bd_0.hwdef
launch_runs: Time (s): cpu = 00:00:05 ; elapsed = 00:00:08 . Memory (MB): peak = 1619.594 ; gain = 76.137 ; free physical = 130 ; free virtual = 1759
[Thu Aug 22 15:28:31 2019] Launched bd_0_hls_inst_0_synth_1...
Run output will be captured here: /home/mayor/PINN/solution1/impl/verilog/project.runs/bd_0_hls_inst_0_synth_1/runme.log
[Thu Aug 22 15:28:31 2019] Launched synth_1...
Run output will be captured here: /home/mayor/PINN/solution1/impl/verilog/project.runs/synth_1/runme.log
[Thu Aug 22 15:28:31 2019] Waiting for synth_1 to finish...

*** Running vivado
    with args -log bd_0_wrapper.vds -m64 -product Vivado -mode batch -messageDb vivado.pb -notrace -source bd_0_wrapper.tcl

awk: symbol lookup error: awk: undefined symbol: mpfr_z_sub
awk: symbol lookup error: awk: undefined symbol: mpfr_z_sub

****** Vivado v2019.1 (64-bit)
  **** SW Build 2552052 on Fri May 24 14:47:09 MDT 2019
  **** IP Build 2548770 on Fri May 24 18:01:18 MDT 2019
    ** Copyright 1986-2019 Xilinx, Inc. All Rights Reserved.

source bd_0_wrapper.tcl -notrace
INFO: [IP_Flow 19-234] Refreshing IP repositories
INFO: [IP_Flow 19-1700] Loaded user IP repository '/home/mayor/PINN/solution1/impl/ip'.
INFO: [IP_Flow 19-2313] Loaded Vivado IP repository '/home/mayor/Documents/Vivado/2019.1/data/ip'.
Command: synth_design -top bd_0_wrapper -part xc7z020clg400-1 -mode out_of_context
Starting synth_design
Attempting to get a license for feature 'Synthesis' and/or device 'xc7z020'
INFO: [Common 17-349] Got license for feature 'Synthesis' and/or device 'xc7z020'
INFO: [Device 21-403] Loading part xc7z020clg400-1
INFO: Launching helper process for spawning children vivado processes
INFO: Helper process launched with PID 5232 
---------------------------------------------------------------------------------
Starting RTL Elaboration : Time (s): cpu = 00:00:03 ; elapsed = 00:00:08 . Memory (MB): peak = 1742.730 ; gain = 153.715 ; free physical = 106 ; free virtual = 1117
---------------------------------------------------------------------------------
INFO: [Synth 8-6157] synthesizing module 'bd_0_wrapper' [/home/mayor/PINN/solution1/impl/verilog/project.srcs/sources_1/bd/bd_0/hdl/bd_0_wrapper.v:12]
INFO: [Synth 8-6157] synthesizing module 'bd_0' [/home/mayor/PINN/solution1/impl/verilog/project.srcs/sources_1/bd/bd_0/synth/bd_0.v:13]
INFO: [Synth 8-6157] synthesizing module 'bd_0_hls_inst_0' [/home/mayor/PINN/solution1/impl/verilog/project.runs/synth_1/.Xil/Vivado-5226-ubuntu/realtime/bd_0_hls_inst_0_stub.v:6]
INFO: [Synth 8-6155] done synthesizing module 'bd_0_hls_inst_0' (1#1) [/home/mayor/PINN/solution1/impl/verilog/project.runs/synth_1/.Xil/Vivado-5226-ubuntu/realtime/bd_0_hls_inst_0_stub.v:6]
INFO: [Synth 8-6155] done synthesizing module 'bd_0' (2#1) [/home/mayor/PINN/solution1/impl/verilog/project.srcs/sources_1/bd/bd_0/synth/bd_0.v:13]
INFO: [Synth 8-6155] done synthesizing module 'bd_0_wrapper' (3#1) [/home/mayor/PINN/solution1/impl/verilog/project.srcs/sources_1/bd/bd_0/hdl/bd_0_wrapper.v:12]
---------------------------------------------------------------------------------
Finished RTL Elaboration : Time (s): cpu = 00:00:04 ; elapsed = 00:00:09 . Memory (MB): peak = 1797.449 ; gain = 208.434 ; free physical = 205 ; free virtual = 1145
---------------------------------------------------------------------------------

Report Check Netlist: 
+------+------------------+-------+---------+-------+------------------+
|      |Item              |Errors |Warnings |Status |Description       |
+------+------------------+-------+---------+-------+------------------+
|1     |multi_driven_nets |      0|        0|Passed |Multi driven nets |
+------+------------------+-------+---------+-------+------------------+
---------------------------------------------------------------------------------
Start Handling Custom Attributes
---------------------------------------------------------------------------------
---------------------------------------------------------------------------------
Finished Handling Custom Attributes : Time (s): cpu = 00:00:05 ; elapsed = 00:00:11 . Memory (MB): peak = 1803.387 ; gain = 214.371 ; free physical = 203 ; free virtual = 1143
---------------------------------------------------------------------------------
---------------------------------------------------------------------------------
Finished RTL Optimization Phase 1 : Time (s): cpu = 00:00:05 ; elapsed = 00:00:11 . Memory (MB): peak = 1803.387 ; gain = 214.371 ; free physical = 203 ; free virtual = 1143
---------------------------------------------------------------------------------
INFO: [Project 1-570] Preparing netlist for logic optimization

Processing XDC Constraints
Initializing timing engine
Parsing XDC File [/home/mayor/PINN/solution1/impl/verilog/project.srcs/sources_1/bd/bd_0/ip/bd_0_hls_inst_0/bd_0_hls_inst_0/bd_0_hls_inst_0_in_context.xdc] for cell 'bd_0_i/hls_inst'
Finished Parsing XDC File [/home/mayor/PINN/solution1/impl/verilog/project.srcs/sources_1/bd/bd_0/ip/bd_0_hls_inst_0/bd_0_hls_inst_0/bd_0_hls_inst_0_in_context.xdc] for cell 'bd_0_i/hls_inst'
Parsing XDC File [/home/mayor/PINN/solution1/impl/verilog/nnForwardProp.xdc]
Finished Parsing XDC File [/home/mayor/PINN/solution1/impl/verilog/nnForwardProp.xdc]
Parsing XDC File [/home/mayor/PINN/solution1/impl/verilog/project.runs/synth_1/dont_touch.xdc]
Finished Parsing XDC File [/home/mayor/PINN/solution1/impl/verilog/project.runs/synth_1/dont_touch.xdc]
Completed Processing XDC Constraints

Netlist sorting complete. Time (s): cpu = 00:00:00 ; elapsed = 00:00:00 . Memory (MB): peak = 1858.215 ; gain = 0.000 ; free physical = 107 ; free virtual = 1049
INFO: [Project 1-111] Unisim Transformation Summary:
No Unisim elements were transformed.

Constraint Validation Runtime : Time (s): cpu = 00:00:00.02 ; elapsed = 00:00:00.03 . Memory (MB): peak = 1865.152 ; gain = 6.938 ; free physical = 106 ; free virtual = 1049
---------------------------------------------------------------------------------
Finished Constraint Validation : Time (s): cpu = 00:00:11 ; elapsed = 00:00:18 . Memory (MB): peak = 1865.152 ; gain = 276.137 ; free physical = 175 ; free virtual = 1118
---------------------------------------------------------------------------------
---------------------------------------------------------------------------------
Start Loading Part and Timing Information
---------------------------------------------------------------------------------
Loading part: xc7z020clg400-1
---------------------------------------------------------------------------------
Finished Loading Part and Timing Information : Time (s): cpu = 00:00:11 ; elapsed = 00:00:18 . Memory (MB): peak = 1865.152 ; gain = 276.137 ; free physical = 175 ; free virtual = 1118
---------------------------------------------------------------------------------
---------------------------------------------------------------------------------
Start Applying 'set_property' XDC Constraints
---------------------------------------------------------------------------------
Applied set_property DONT_TOUCH = true for bd_0_i. (constraint file  auto generated constraint, line ).
Applied set_property DONT_TOUCH = true for bd_0_i/hls_inst. (constraint file  auto generated constraint, line ).
---------------------------------------------------------------------------------
Finished applying 'set_property' XDC Constraints : Time (s): cpu = 00:00:11 ; elapsed = 00:00:18 . Memory (MB): peak = 1865.152 ; gain = 276.137 ; free physical = 175 ; free virtual = 1118
---------------------------------------------------------------------------------
---------------------------------------------------------------------------------
Finished RTL Optimization Phase 2 : Time (s): cpu = 00:00:11 ; elapsed = 00:00:18 . Memory (MB): peak = 1865.152 ; gain = 276.137 ; free physical = 176 ; free virtual = 1120
---------------------------------------------------------------------------------

Report RTL Partitions: 
+-+--------------+------------+----------+
| |RTL Partition |Replication |Instances |
+-+--------------+------------+----------+
+-+--------------+------------+----------+
---------------------------------------------------------------------------------
Start RTL Component Statistics 
---------------------------------------------------------------------------------
Detailed RTL Component Info : 
---------------------------------------------------------------------------------
Finished RTL Component Statistics 
---------------------------------------------------------------------------------
---------------------------------------------------------------------------------
Start RTL Hierarchical Component Statistics 
---------------------------------------------------------------------------------
Hierarchical RTL Component report 
---------------------------------------------------------------------------------
Finished RTL Hierarchical Component Statistics
---------------------------------------------------------------------------------
---------------------------------------------------------------------------------
Start Part Resource Summary
---------------------------------------------------------------------------------
Part Resources:
DSPs: 220 (col length:60)
BRAMs: 280 (col length: RAMB18 60 RAMB36 30)
---------------------------------------------------------------------------------
Finished Part Resource Summary
---------------------------------------------------------------------------------
---------------------------------------------------------------------------------
Start Cross Boundary and Area Optimization
---------------------------------------------------------------------------------
Warning: Parallel synthesis criteria is not met 
---------------------------------------------------------------------------------
Finished Cross Boundary and Area Optimization : Time (s): cpu = 00:00:12 ; elapsed = 00:00:19 . Memory (MB): peak = 1865.152 ; gain = 276.137 ; free physical = 164 ; free virtual = 1110
---------------------------------------------------------------------------------

Report RTL Partitions: 
+-+--------------+------------+----------+
| |RTL Partition |Replication |Instances |
+-+--------------+------------+----------+
+-+--------------+------------+----------+
---------------------------------------------------------------------------------
Start Applying XDC Timing Constraints
---------------------------------------------------------------------------------
---------------------------------------------------------------------------------
Finished Applying XDC Timing Constraints : Time (s): cpu = 00:00:18 ; elapsed = 00:00:25 . Memory (MB): peak = 1888.152 ; gain = 299.137 ; free physical = 112 ; free virtual = 989
---------------------------------------------------------------------------------
---------------------------------------------------------------------------------
Start Timing Optimization
---------------------------------------------------------------------------------
---------------------------------------------------------------------------------
Finished Timing Optimization : Time (s): cpu = 00:00:18 ; elapsed = 00:00:25 . Memory (MB): peak = 1888.152 ; gain = 299.137 ; free physical = 112 ; free virtual = 988
---------------------------------------------------------------------------------

Report RTL Partitions: 
+-+--------------+------------+----------+
| |RTL Partition |Replication |Instances |
+-+--------------+------------+----------+
+-+--------------+------------+----------+
---------------------------------------------------------------------------------
Start Technology Mapping
---------------------------------------------------------------------------------
---------------------------------------------------------------------------------
Finished Technology Mapping : Time (s): cpu = 00:00:18 ; elapsed = 00:00:25 . Memory (MB): peak = 1897.168 ; gain = 308.152 ; free physical = 111 ; free virtual = 987
---------------------------------------------------------------------------------

Report RTL Partitions: 
+-+--------------+------------+----------+
| |RTL Partition |Replication |Instances |
+-+--------------+------------+----------+
+-+--------------+------------+----------+
---------------------------------------------------------------------------------
Start IO Insertion
---------------------------------------------------------------------------------
---------------------------------------------------------------------------------
Start Flattening Before IO Insertion
---------------------------------------------------------------------------------
---------------------------------------------------------------------------------
Finished Flattening Before IO Insertion
---------------------------------------------------------------------------------
---------------------------------------------------------------------------------
Start Final Netlist Cleanup
---------------------------------------------------------------------------------
---------------------------------------------------------------------------------
Finished Final Netlist Cleanup
---------------------------------------------------------------------------------
---------------------------------------------------------------------------------
Finished IO Insertion : Time (s): cpu = 00:00:19 ; elapsed = 00:00:26 . Memory (MB): peak = 1912.043 ; gain = 323.027 ; free physical = 116 ; free virtual = 988
---------------------------------------------------------------------------------

Report Check Netlist: 
+------+------------------+-------+---------+-------+------------------+
|      |Item              |Errors |Warnings |Status |Description       |
+------+------------------+-------+---------+-------+------------------+
|1     |multi_driven_nets |      0|        0|Passed |Multi driven nets |
+------+------------------+-------+---------+-------+------------------+
---------------------------------------------------------------------------------
Start Renaming Generated Instances
---------------------------------------------------------------------------------
---------------------------------------------------------------------------------
Finished Renaming Generated Instances : Time (s): cpu = 00:00:19 ; elapsed = 00:00:26 . Memory (MB): peak = 1912.043 ; gain = 323.027 ; free physical = 116 ; free virtual = 988
---------------------------------------------------------------------------------

Report RTL Partitions: 
+-+--------------+------------+----------+
| |RTL Partition |Replication |Instances |
+-+--------------+------------+----------+
+-+--------------+------------+----------+
---------------------------------------------------------------------------------
Start Rebuilding User Hierarchy
---------------------------------------------------------------------------------
---------------------------------------------------------------------------------
Finished Rebuilding User Hierarchy : Time (s): cpu = 00:00:19 ; elapsed = 00:00:26 . Memory (MB): peak = 1912.043 ; gain = 323.027 ; free physical = 116 ; free virtual = 988
---------------------------------------------------------------------------------
---------------------------------------------------------------------------------
Start Renaming Generated Ports
---------------------------------------------------------------------------------
---------------------------------------------------------------------------------
Finished Renaming Generated Ports : Time (s): cpu = 00:00:19 ; elapsed = 00:00:26 . Memory (MB): peak = 1912.043 ; gain = 323.027 ; free physical = 116 ; free virtual = 988
---------------------------------------------------------------------------------
---------------------------------------------------------------------------------
Start Handling Custom Attributes
---------------------------------------------------------------------------------
---------------------------------------------------------------------------------
Finished Handling Custom Attributes : Time (s): cpu = 00:00:19 ; elapsed = 00:00:26 . Memory (MB): peak = 1912.043 ; gain = 323.027 ; free physical = 116 ; free virtual = 988
---------------------------------------------------------------------------------
---------------------------------------------------------------------------------
Start Renaming Generated Nets
---------------------------------------------------------------------------------
---------------------------------------------------------------------------------
Finished Renaming Generated Nets : Time (s): cpu = 00:00:19 ; elapsed = 00:00:26 . Memory (MB): peak = 1912.043 ; gain = 323.027 ; free physical = 116 ; free virtual = 988
---------------------------------------------------------------------------------
---------------------------------------------------------------------------------
Start Writing Synthesis Report
---------------------------------------------------------------------------------

Report BlackBoxes: 
+------+----------------+----------+
|      |BlackBox name   |Instances |
+------+----------------+----------+
|1     |bd_0_hls_inst_0 |         1|
+------+----------------+----------+

Report Cell Usage: 
+------+----------------+------+
|      |Cell            |Count |
+------+----------------+------+
|1     |bd_0_hls_inst_0 |     1|
+------+----------------+------+

Report Instance Areas: 
+------+---------+-------+------+
|      |Instance |Module |Cells |
+------+---------+-------+------+
|1     |top      |       |    42|
|2     |  bd_0_i |bd_0   |    42|
+------+---------+-------+------+
---------------------------------------------------------------------------------
Finished Writing Synthesis Report : Time (s): cpu = 00:00:19 ; elapsed = 00:00:26 . Memory (MB): peak = 1912.043 ; gain = 323.027 ; free physical = 116 ; free virtual = 988
---------------------------------------------------------------------------------
Synthesis finished with 0 errors, 0 critical warnings and 0 warnings.
Synthesis Optimization Runtime : Time (s): cpu = 00:00:17 ; elapsed = 00:00:24 . Memory (MB): peak = 1912.043 ; gain = 261.262 ; free physical = 171 ; free virtual = 1043
Synthesis Optimization Complete : Time (s): cpu = 00:00:19 ; elapsed = 00:00:26 . Memory (MB): peak = 1912.051 ; gain = 323.027 ; free physical = 171 ; free virtual = 1043
INFO: [Project 1-571] Translating synthesized netlist
INFO: [Project 1-570] Preparing netlist for logic optimization
INFO: [Opt 31-138] Pushed 0 inverter(s) to 0 load pin(s).
Netlist sorting complete. Time (s): cpu = 00:00:00 ; elapsed = 00:00:00 . Memory (MB): peak = 1924.918 ; gain = 0.000 ; free physical = 117 ; free virtual = 989
INFO: [Project 1-111] Unisim Transformation Summary:
No Unisim elements were transformed.

INFO: [Common 17-83] Releasing license: Synthesis
18 Infos, 0 Warnings, 0 Critical Warnings and 0 Errors encountered.
synth_design completed successfully
synth_design: Time (s): cpu = 00:00:28 ; elapsed = 00:00:38 . Memory (MB): peak = 1924.918 ; gain = 550.500 ; free physical = 207 ; free virtual = 1079
Netlist sorting complete. Time (s): cpu = 00:00:00 ; elapsed = 00:00:00 . Memory (MB): peak = 1924.918 ; gain = 0.000 ; free physical = 207 ; free virtual = 1079
WARNING: [Constraints 18-5210] No constraints selected for write.
Resolution: This message can indicate that there are no constraints for the design, or it can indicate that the used_in flags are set such that the constraints are ignored. This later case is used when running synth_design to not write synthesis constraints to the resulting checkpoint. Instead, project constraints are read when the synthesized design is opened.
INFO: [Common 17-1381] The checkpoint '/home/mayor/PINN/solution1/impl/verilog/project.runs/synth_1/bd_0_wrapper.dcp' has been generated.
INFO: [runtcl-4] Executing : report_utilization -file bd_0_wrapper_utilization_synth.rpt -pb bd_0_wrapper_utilization_synth.pb
INFO: [Common 17-206] Exiting Vivado at Thu Aug 22 15:36:02 2019...
[Thu Aug 22 15:36:02 2019] synth_1 finished
wait_on_run: Time (s): cpu = 00:04:40 ; elapsed = 00:07:31 . Memory (MB): peak = 1699.527 ; gain = 0.000 ; free physical = 855 ; free virtual = 1731
Design is defaulting to impl run constrset: constrs_1
Design is defaulting to synth run part: xc7z020clg400-1
INFO: [Device 21-403] Loading part xc7z020clg400-1
INFO: [Project 1-454] Reading design checkpoint '/home/mayor/PINN/solution1/impl/verilog/project.srcs/sources_1/bd/bd_0/ip/bd_0_hls_inst_0/bd_0_hls_inst_0.dcp' for cell 'bd_0_i/hls_inst'
INFO: [Netlist 29-17] Analyzing 1478 Unisim elements for replacement
INFO: [Netlist 29-28] Unisim Transformation completed in 0 CPU seconds
INFO: [Project 1-479] Netlist was created with Vivado 2019.1
INFO: [Project 1-570] Preparing netlist for logic optimization
Parsing XDC File [/home/mayor/PINN/solution1/impl/verilog/nnForwardProp.xdc]
Finished Parsing XDC File [/home/mayor/PINN/solution1/impl/verilog/nnForwardProp.xdc]
INFO: [Opt 31-138] Pushed 0 inverter(s) to 0 load pin(s).
Netlist sorting complete. Time (s): cpu = 00:00:00 ; elapsed = 00:00:00 . Memory (MB): peak = 1937.465 ; gain = 0.000 ; free physical = 568 ; free virtual = 1448
INFO: [Project 1-111] Unisim Transformation Summary:
  A total of 32 instances were transformed.
  RAM16X1D => RAM32X1D (RAMD32, RAMD32): 32 instances

open_run: Time (s): cpu = 00:00:14 ; elapsed = 00:00:19 . Memory (MB): peak = 1937.465 ; gain = 237.938 ; free physical = 568 ; free virtual = 1448
Running report: report_utilization -file ./report/nnForwardProp_utilization_synth.rpt
Contents of report file './report/nnForwardProp_utilization_synth.rpt' is as follows:
Copyright 1986-2019 Xilinx, Inc. All Rights Reserved.
---------------------------------------------------------------------------------------
| Tool Version : Vivado v.2019.1 (lin64) Build 2552052 Fri May 24 14:47:09 MDT 2019
| Date         : Thu Aug 22 15:36:22 2019
| Host         : ubuntu running 64-bit Ubuntu 16.04.7 LTS
| Command      : report_utilization -file ./report/nnForwardProp_utilization_synth.rpt
| Design       : bd_0_wrapper
| Device       : 7z020clg400-1
| Design State : Synthesized
---------------------------------------------------------------------------------------

Utilization Design Information

Table of Contents
-----------------
1. Slice Logic
1.1 Summary of Registers by Type
2. Memory
3. DSP
4. IO and GT Specific
5. Clocking
6. Specific Feature
7. Primitives
8. Black Boxes
9. Instantiated Netlists

1. Slice Logic
--------------

+----------------------------+------+-------+-----------+-------+
|          Site Type         | Used | Fixed | Available | Util% |
+----------------------------+------+-------+-----------+-------+
| Slice LUTs*                | 7067 |     0 |     53200 | 13.28 |
|   LUT as Logic             | 6724 |     0 |     53200 | 12.64 |
|   LUT as Memory            |  343 |     0 |     17400 |  1.97 |
|     LUT as Distributed RAM |   64 |     0 |           |       |
|     LUT as Shift Register  |  279 |     0 |           |       |
| Slice Registers            | 6049 |     0 |    106400 |  5.69 |
|   Register as Flip Flop    | 6049 |     0 |    106400 |  5.69 |
|   Register as Latch        |    0 |     0 |    106400 |  0.00 |
| F7 Muxes                   |  434 |     0 |     26600 |  1.63 |
| F8 Muxes                   |    8 |     0 |     13300 |  0.06 |
+----------------------------+------+-------+-----------+-------+
* Warning! The Final LUT count, after physical optimizations and full implementation, is typically lower. Run opt_design after synthesis, if not already completed, for a more realistic count.


1.1 Summary of Registers by Type
--------------------------------

+-------+--------------+-------------+--------------+
| Total | Clock Enable | Synchronous | Asynchronous |
+-------+--------------+-------------+--------------+
| 0     |            _ |           - |            - |
| 0     |            _ |           - |          Set |
| 0     |            _ |           - |        Reset |
| 0     |            _ |         Set |            - |
| 0     |            _ |       Reset |            - |
| 0     |          Yes |           - |            - |
| 0     |          Yes |           - |          Set |
| 0     |          Yes |           - |        Reset |
| 12    |          Yes |         Set |            - |
| 6037  |          Yes |       Reset |            - |
+-------+--------------+-------------+--------------+


2. Memory
---------

+-------------------+------+-------+-----------+-------+
|     Site Type     | Used | Fixed | Available | Util% |
+-------------------+------+-------+-----------+-------+
| Block RAM Tile    |    1 |     0 |       140 |  0.71 |
|   RAMB36/FIFO*    |    1 |     0 |       140 |  0.71 |
|     RAMB36E1 only |    1 |       |           |       |
|   RAMB18          |    0 |     0 |       280 |  0.00 |
+-------------------+------+-------+-----------+-------+
* Note: Each Block RAM Tile only has one FIFO logic available and therefore can accommodate only one FIFO36E1 or one FIFO18E1. However, if a FIFO18E1 occupies a Block RAM Tile, that tile can still accommodate a RAMB18E1


3. DSP
------

+----------------+------+-------+-----------+-------+
|    Site Type   | Used | Fixed | Available | Util% |
+----------------+------+-------+-----------+-------+
| DSPs           |   39 |     0 |       220 | 17.73 |
|   DSP48E1 only |   39 |       |           |       |
+----------------+------+-------+-----------+-------+


4. IO and GT Specific
---------------------

+-----------------------------+------+-------+-----------+-------+
|          Site Type          | Used | Fixed | Available | Util% |
+-----------------------------+------+-------+-----------+-------+
| Bonded IOB                  |    0 |     0 |       125 |  0.00 |
| Bonded IPADs                |    0 |     0 |         2 |  0.00 |
| Bonded IOPADs               |    0 |     0 |       130 |  0.00 |
| PHY_CONTROL                 |    0 |     0 |         4 |  0.00 |
| PHASER_REF                  |    0 |     0 |         4 |  0.00 |
| OUT_FIFO                    |    0 |     0 |        16 |  0.00 |
| IN_FIFO                     |    0 |     0 |        16 |  0.00 |
| IDELAYCTRL                  |    0 |     0 |         4 |  0.00 |
| IBUFDS                      |    0 |     0 |       121 |  0.00 |
| PHASER_OUT/PHASER_OUT_PHY   |    0 |     0 |        16 |  0.00 |
| PHASER_IN/PHASER_IN_PHY     |    0 |     0 |        16 |  0.00 |
| IDELAYE2/IDELAYE2_FINEDELAY |    0 |     0 |       200 |  0.00 |
| ILOGIC                      |    0 |     0 |       125 |  0.00 |
| OLOGIC                      |    0 |     0 |       125 |  0.00 |
+-----------------------------+------+-------+-----------+-------+


5. Clocking
-----------

+------------+------+-------+-----------+-------+
|  Site Type | Used | Fixed | Available | Util% |
+------------+------+-------+-----------+-------+
| BUFGCTRL   |    0 |     0 |        32 |  0.00 |
| BUFIO      |    0 |     0 |        16 |  0.00 |
| MMCME2_ADV |    0 |     0 |         4 |  0.00 |
| PLLE2_ADV  |    0 |     0 |         4 |  0.00 |
| BUFMRCE    |    0 |     0 |         8 |  0.00 |
| BUFHCE     |    0 |     0 |        72 |  0.00 |
| BUFR       |    0 |     0 |        16 |  0.00 |
+------------+------+-------+-----------+-------+


6. Specific Feature
-------------------

+-------------+------+-------+-----------+-------+
|  Site Type  | Used | Fixed | Available | Util% |
+-------------+------+-------+-----------+-------+
| BSCANE2     |    0 |     0 |         4 |  0.00 |
| CAPTUREE2   |    0 |     0 |         1 |  0.00 |
| DNA_PORT    |    0 |     0 |         1 |  0.00 |
| EFUSE_USR   |    0 |     0 |         1 |  0.00 |
| FRAME_ECCE2 |    0 |     0 |         1 |  0.00 |
| ICAPE2      |    0 |     0 |         2 |  0.00 |
| STARTUPE2   |    0 |     0 |         1 |  0.00 |
| XADC        |    0 |     0 |         1 |  0.00 |
+-------------+------+-------+-----------+-------+


7. Primitives
-------------

+----------+------+---------------------+
| Ref Name | Used | Functional Category |
+----------+------+---------------------+
| FDRE     | 6037 |        Flop & Latch |
| LUT3     | 3298 |                 LUT |
| LUT6     | 2100 |                 LUT |
| CARRY4   |  964 |          CarryLogic |
| LUT5     |  613 |                 LUT |
| LUT2     |  528 |                 LUT |
| LUT4     |  450 |                 LUT |
| MUXF7    |  434 |               MuxFx |
| SRL16E   |  232 |  Distributed Memory |
| LUT1     |  126 |                 LUT |
| RAMD32   |   64 |  Distributed Memory |
| SRLC32E  |   47 |  Distributed Memory |
| DSP48E1  |   39 |    Block Arithmetic |
| FDSE     |   12 |        Flop & Latch |
| MUXF8    |    8 |               MuxFx |
| RAMB36E1 |    1 |        Block Memory |
+----------+------+---------------------+


8. Black Boxes
--------------

+----------+------+
| Ref Name | Used |
+----------+------+


9. Instantiated Netlists
------------------------

+-----------------+------+
|     Ref Name    | Used |
+-----------------+------+
| bd_0_hls_inst_0 |    1 |
+-----------------+------+



Running report: report_timing_summary -file ./report/nnForwardProp_timing_synth.rpt
INFO: [Timing 38-35] Done setting XDC timing constraints.
INFO: [Timing 38-91] UpdateTimingParams: Speed grade: -1, Delay Type: min_max.
INFO: [Timing 38-191] Multithreading enabled for timing update using a maximum of 4 CPUs
WARNING: [Timing 38-242] The property HD.CLK_SRC of clock port "ap_clk" is not set. In out-of-context mode, this prevents timing estimation for clock delay/skew
Resolution: Set the HD.CLK_SRC property of the out-of-context port to the location of the clock buffer instance in the top-level design
report_timing_summary: Time (s): cpu = 00:00:14 ; elapsed = 00:00:11 . Memory (MB): peak = 2445.316 ; gain = 507.852 ; free physical = 126 ; free virtual = 1023
Contents of report file './report/nnForwardProp_timing_synth.rpt' is as follows:
Copyright 1986-2019 Xilinx, Inc. All Rights Reserved.
-------------------------------------------------------------------------------------
| Tool Version : Vivado v.2019.1 (lin64) Build 2552052 Fri May 24 14:47:09 MDT 2019
| Date         : Thu Aug 22 15:36:33 2019
| Host         : ubuntu running 64-bit unknown
| Command      : report_timing_summary -file ./report/nnForwardProp_timing_synth.rpt
| Design       : bd_0_wrapper
| Device       : 7z020-clg400
| Speed File   : -1  PRODUCTION 1.11 2014-09-11
-------------------------------------------------------------------------------------

Timing Summary Report

------------------------------------------------------------------------------------------------
| Timer Settings
| --------------
------------------------------------------------------------------------------------------------

  Enable Multi Corner Analysis               :  Yes
  Enable Pessimism Removal                   :  Yes
  Pessimism Removal Resolution               :  Nearest Common Node
  Enable Input Delay Default Clock           :  No
  Enable Preset / Clear Arcs                 :  No
  Disable Flight Delays                      :  No
  Ignore I/O Paths                           :  No
  Timing Early Launch at Borrowing Latches   :  No
  Borrow Time for Max Delay Exceptions       :  Yes

  Corner  Analyze    Analyze    
  Name    Max Paths  Min Paths  
  ------  ---------  ---------  
  Slow    Yes        Yes        
  Fast    Yes        Yes        



check_timing report

Table of Contents
-----------------
1. checking no_clock
2. checking constant_clock
3. checking pulse_width_clock
4. checking unconstrained_internal_endpoints
5. checking no_input_delay
6. checking no_output_delay
7. checking multiple_clock
8. checking generated_clocks
9. checking loops
10. checking partial_input_delay
11. checking partial_output_delay
12. checking latch_loops

1. checking no_clock
--------------------
 There are 0 register/latch pins with no clock.


2. checking constant_clock
--------------------------
 There are 0 register/latch pins with constant_clock.


3. checking pulse_width_clock
-----------------------------
 There are 0 register/latch pins which need pulse_width check


4. checking unconstrained_internal_endpoints
--------------------------------------------
 There are 0 pins that are not constrained for maximum delay.

 There are 0 pins that are not constrained for maximum delay due to constant clock.


5. checking no_input_delay
--------------------------
 There are 52 input ports with no input delay specified. (HIGH)

 There are 0 input ports with no input delay but user has a false path constraint.


6. checking no_output_delay
---------------------------
 There are 38 ports with no output delay specified. (HIGH)

 There are 0 ports with no output delay but user has a false path constraint

 There are 0 ports with no output delay but with a timing clock defined on it or propagating through it


7. checking multiple_clock
--------------------------
 There are 0 register/latch pins with multiple clocks.


8. checking generated_clocks
----------------------------
 There are 0 generated clocks that are not connected to a clock source.


9. checking loops
-----------------
 There are 0 combinational loops in the design.


10. checking partial_input_delay
--------------------------------
 There are 0 input ports with partial input delay specified.


11. checking partial_output_delay
---------------------------------
 There are 0 ports with partial output delay specified.


12. checking latch_loops
------------------------
 There are 0 combinational latch loops in the design through latch input



------------------------------------------------------------------------------------------------
| Design Timing Summary
| ---------------------
------------------------------------------------------------------------------------------------

    WNS(ns)      TNS(ns)  TNS Failing Endpoints  TNS Total Endpoints      WHS(ns)      THS(ns)  THS Failing Endpoints  THS Total Endpoints     WPWS(ns)     TPWS(ns)  TPWS Failing Endpoints  TPWS Total Endpoints  
    -------      -------  ---------------------  -------------------      -------      -------  ---------------------  -------------------     --------     --------  ----------------------  --------------------  
      1.250        0.000                      0                 9387        0.193        0.000                      0                 9387        3.750        0.000                       0                  6412  


All user specified timing constraints are met.


------------------------------------------------------------------------------------------------
| Clock Summary
| -------------
------------------------------------------------------------------------------------------------

Clock   Waveform(ns)       Period(ns)      Frequency(MHz)
-----   ------------       ----------      --------------
ap_clk  {0.000 5.000}      10.000          100.000         


------------------------------------------------------------------------------------------------
| Intra Clock Table
| -----------------
------------------------------------------------------------------------------------------------

Clock             WNS(ns)      TNS(ns)  TNS Failing Endpoints  TNS Total Endpoints      WHS(ns)      THS(ns)  THS Failing Endpoints  THS Total Endpoints     WPWS(ns)     TPWS(ns)  TPWS Failing Endpoints  TPWS Total Endpoints  
-----             -------      -------  ---------------------  -------------------      -------      -------  ---------------------  -------------------     --------     --------  ----------------------  --------------------  
ap_clk              1.250        0.000                      0                 9387        0.193        0.000                      0                 9387        3.750        0.000                       0                  6412  


------------------------------------------------------------------------------------------------
| Inter Clock Table
| -----------------
------------------------------------------------------------------------------------------------

From Clock    To Clock          WNS(ns)      TNS(ns)  TNS Failing Endpoints  TNS Total Endpoints      WHS(ns)      THS(ns)  THS Failing Endpoints  THS Total Endpoints  
----------    --------          -------      -------  ---------------------  -------------------      -------      -------  ---------------------  -------------------  


------------------------------------------------------------------------------------------------
| Other Path Groups Table
| -----------------------
------------------------------------------------------------------------------------------------

Path Group    From Clock    To Clock          WNS(ns)      TNS(ns)  TNS Failing Endpoints  TNS Total Endpoints      WHS(ns)      THS(ns)  THS Failing Endpoints  THS Total Endpoints  
----------    ----------    --------          -------      -------  ---------------------  -------------------      -------      -------  ---------------------  -------------------  


------------------------------------------------------------------------------------------------
| Timing Details
| --------------
------------------------------------------------------------------------------------------------


---------------------------------------------------------------------------------------------------
From Clock:  ap_clk
  To Clock:  ap_clk

Setup :            0  Failing Endpoints,  Worst Slack        1.250ns,  Total Violation        0.000ns
Hold  :            0  Failing Endpoints,  Worst Slack        0.193ns,  Total Violation        0.000ns
PW    :            0  Failing Endpoints,  Worst Slack        3.750ns,  Total Violation        0.000ns
---------------------------------------------------------------------------------------------------


Max Delay Paths
--------------------------------------------------------------------------------------
Slack (MET) :             1.250ns  (required time - arrival time)
  Source:                 bd_0_i/hls_inst/inst/nnForwardProp_dadd_64ns_64ns_64_5_full_dsp_1_U7/nnForwardProp_ap_dadd_3_full_dsp_64_u/U0/i_synth/ADDSUB_OP.ADDSUB/LOGIC_SPEED.OP/EXP/BMA_EXP_DELAY/i_pipe/opt_has_pipe.first_q_reg[11]/C
                            (rising edge-triggered cell FDRE clocked by ap_clk  {rise@0.000ns fall@5.000ns period=10.000ns})
  Destination:            bd_0_i/hls_inst/inst/nnForwardProp_dadd_64ns_64ns_64_5_full_dsp_1_U7/nnForwardProp_ap_dadd_3_full_dsp_64_u/U0/i_synth/ADDSUB_OP.ADDSUB/LOGIC_SPEED.OP/ALIGN_BLK/FRAC_ADDSUB/DSP_ADD.FRAC_ADDSUB/DSP48E1_ADD.DSP48E1_ADD/DSP/OPMODE[0]
                            (rising edge-triggered cell DSP48E1 clocked by ap_clk  {rise@0.000ns fall@5.000ns period=10.000ns})
  Path Group:             ap_clk
  Path Type:              Setup (Max at Slow Process Corner)
  Requirement:            10.000ns  (ap_clk rise@10.000ns - ap_clk rise@0.000ns)
  Data Path Delay:        6.457ns  (logic 2.064ns (31.967%)  route 4.393ns (68.033%))
  Logic Levels:           6  (CARRY4=1 LUT2=2 LUT3=1 LUT6=2)
  Clock Path Skew:        -0.049ns (DCD - SCD + CPR)
    Destination Clock Delay (DCD):    0.924ns = ( 10.924 - 10.000 ) 
    Source Clock Delay      (SCD):    0.973ns
    Clock Pessimism Removal (CPR):    0.000ns
  Clock Uncertainty:      0.035ns  ((TSJ^2 + TIJ^2)^1/2 + DJ) / 2 + PE
    Total System Jitter     (TSJ):    0.071ns
    Total Input Jitter      (TIJ):    0.000ns
    Discrete Jitter          (DJ):    0.000ns
    Phase Error              (PE):    0.000ns

    Location             Delay type                Incr(ns)  Path(ns)    Netlist Resource(s)
  -------------------------------------------------------------------    -------------------
                         (clock ap_clk rise edge)     0.000     0.000 r  
                                                      0.000     0.000 r  ap_clk (IN)
                         net (fo=6432, unset)         0.973     0.973    bd_0_i/hls_inst/inst/nnForwardProp_dadd_64ns_64ns_64_5_full_dsp_1_U7/nnForwardProp_ap_dadd_3_full_dsp_64_u/U0/i_synth/ADDSUB_OP.ADDSUB/LOGIC_SPEED.OP/EXP/BMA_EXP_DELAY/i_pipe/aclk
                         FDRE                                         r  bd_0_i/hls_inst/inst/nnForwardProp_dadd_64ns_64ns_64_5_full_dsp_1_U7/nnForwardProp_ap_dadd_3_full_dsp_64_u/U0/i_synth/ADDSUB_OP.ADDSUB/LOGIC_SPEED.OP/EXP/BMA_EXP_DELAY/i_pipe/opt_has_pipe.first_q_reg[11]/C
  -------------------------------------------------------------------    -------------------
                         FDRE (Prop_fdre_C_Q)         0.518     1.491 r  bd_0_i/hls_inst/inst/nnForwardProp_dadd_64ns_64ns_64_5_full_dsp_1_U7/nnForwardProp_ap_dadd_3_full_dsp_64_u/U0/i_synth/ADDSUB_OP.ADDSUB/LOGIC_SPEED.OP/EXP/BMA_EXP_DELAY/i_pipe/opt_has_pipe.first_q_reg[11]/Q
                         net (fo=22, unplaced)        0.532     2.023    bd_0_i/hls_inst/inst/nnForwardProp_dadd_64ns_64ns_64_5_full_dsp_1_U7/nnForwardProp_ap_dadd_3_full_dsp_64_u/U0/i_synth/ADDSUB_OP.ADDSUB/LOGIC_SPEED.OP/EXP/BMA_EXP_DELAY/i_pipe/DI[0]
                         LUT2 (Prop_lut2_I0_O)        0.295     2.318 r  bd_0_i/hls_inst/inst/nnForwardProp_dadd_64ns_64ns_64_5_full_dsp_1_U7/nnForwardProp_ap_dadd_3_full_dsp_64_u/U0/i_synth/ADDSUB_OP.ADDSUB/LOGIC_SPEED.OP/EXP/BMA_EXP_DELAY/i_pipe/MUX_LOOP[2].OTHER_LEVELS.DO_CHUNKS[0].LUT6_STRUCT_MUX.MUX0_i_17/O
                         net (fo=1, unplaced)         0.000     2.318    bd_0_i/hls_inst/inst/nnForwardProp_dadd_64ns_64ns_64_5_full_dsp_1_U7/nnForwardProp_ap_dadd_3_full_dsp_64_u/U0/i_synth/ADDSUB_OP.ADDSUB/LOGIC_SPEED.OP/EXP/BMA_EXP_DELAY/i_pipe/ALIGN_BLK/abs_dist_int_mux[1]
                         CARRY4 (Prop_carry4_S[1]_O[2])
                                                      0.578     2.896 f  bd_0_i/hls_inst/inst/nnForwardProp_dadd_64ns_64ns_64_5_full_dsp_1_U7/nnForwardProp_ap_dadd_3_full_dsp_64_u/U0/i_synth/ADDSUB_OP.ADDSUB/LOGIC_SPEED.OP/EXP/BMA_EXP_DELAY/i_pipe/MUX_LOOP[2].OTHER_LEVELS.DO_CHUNKS[0].LUT6_STRUCT_MUX.MUX0_i_4/O[2]
                         net (fo=68, unplaced)        1.204     4.100    bd_0_i/hls_inst/inst/nnForwardProp_dadd_64ns_64ns_64_5_full_dsp_1_U7/nnForwardProp_ap_dadd_3_full_dsp_64_u/U0/i_synth/ADDSUB_OP.ADDSUB/LOGIC_SPEED.OP/EXP/BMA_EXP_DELAY/i_pipe/O[1]
                         LUT6 (Prop_lut6_I2_O)        0.301     4.401 f  bd_0_i/hls_inst/inst/nnForwardProp_dadd_64ns_64ns_64_5_full_dsp_1_U7/nnForwardProp_ap_dadd_3_full_dsp_64_u/U0/i_synth/ADDSUB_OP.ADDSUB/LOGIC_SPEED.OP/EXP/BMA_EXP_DELAY/i_pipe/DSP_i_154/O
                         net (fo=1, unplaced)         0.902     5.303    bd_0_i/hls_inst/inst/nnForwardProp_dadd_64ns_64ns_64_5_full_dsp_1_U7/nnForwardProp_ap_dadd_3_full_dsp_64_u/U0/i_synth/ADDSUB_OP.ADDSUB/LOGIC_SPEED.OP/EXP/BMA_EXP_DELAY/i_pipe/DSP_i_154_n_0
                         LUT6 (Prop_lut6_I3_O)        0.124     5.427 f  bd_0_i/hls_inst/inst/nnForwardProp_dadd_64ns_64ns_64_5_full_dsp_1_U7/nnForwardProp_ap_dadd_3_full_dsp_64_u/U0/i_synth/ADDSUB_OP.ADDSUB/LOGIC_SPEED.OP/EXP/BMA_EXP_DELAY/i_pipe/DSP_i_146/O
                         net (fo=1, unplaced)         0.449     5.876    bd_0_i/hls_inst/inst/nnForwardProp_dadd_64ns_64ns_64_5_full_dsp_1_U7/nnForwardProp_ap_dadd_3_full_dsp_64_u/U0/i_synth/ADDSUB_OP.ADDSUB/LOGIC_SPEED.OP/EXP/BMA_EXP_DELAY/i_pipe/ALIGN_BLK/zero_align_align
                         LUT3 (Prop_lut3_I0_O)        0.124     6.000 f  bd_0_i/hls_inst/inst/nnForwardProp_dadd_64ns_64ns_64_5_full_dsp_1_U7/nnForwardProp_ap_dadd_3_full_dsp_64_u/U0/i_synth/ADDSUB_OP.ADDSUB/LOGIC_SPEED.OP/EXP/BMA_EXP_DELAY/i_pipe/DSP_i_102/O
                         net (fo=18, unplaced)        0.506     6.506    bd_0_i/hls_inst/inst/nnForwardProp_dadd_64ns_64ns_64_5_full_dsp_1_U7/nnForwardProp_ap_dadd_3_full_dsp_64_u/U0/i_synth/ADDSUB_OP.ADDSUB/LOGIC_SPEED.OP/EXP/BMA_EXP_DELAY/i_pipe/ALIGN_BLK/zero_sml_up_preadd__0
                         LUT2 (Prop_lut2_I1_O)        0.124     6.630 r  bd_0_i/hls_inst/inst/nnForwardProp_dadd_64ns_64ns_64_5_full_dsp_1_U7/nnForwardProp_ap_dadd_3_full_dsp_64_u/U0/i_synth/ADDSUB_OP.ADDSUB/LOGIC_SPEED.OP/EXP/BMA_EXP_DELAY/i_pipe/DSP_i_51/O
                         net (fo=2, unplaced)         0.800     7.430    bd_0_i/hls_inst/inst/nnForwardProp_dadd_64ns_64ns_64_5_full_dsp_1_U7/nnForwardProp_ap_dadd_3_full_dsp_64_u/U0/i_synth/ADDSUB_OP.ADDSUB/LOGIC_SPEED.OP/ALIGN_BLK/FRAC_ADDSUB/DSP_ADD.FRAC_ADDSUB/DSP48E1_ADD.DSP48E1_ADD/OPMODE[0]
                         DSP48E1                                      r  bd_0_i/hls_inst/inst/nnForwardProp_dadd_64ns_64ns_64_5_full_dsp_1_U7/nnForwardProp_ap_dadd_3_full_dsp_64_u/U0/i_synth/ADDSUB_OP.ADDSUB/LOGIC_SPEED.OP/ALIGN_BLK/FRAC_ADDSUB/DSP_ADD.FRAC_ADDSUB/DSP48E1_ADD.DSP48E1_ADD/DSP/OPMODE[0]
  -------------------------------------------------------------------    -------------------

                         (clock ap_clk rise edge)    10.000    10.000 r  
                                                      0.000    10.000 r  ap_clk (IN)
                         net (fo=6432, unset)         0.924    10.924    bd_0_i/hls_inst/inst/nnForwardProp_dadd_64ns_64ns_64_5_full_dsp_1_U7/nnForwardProp_ap_dadd_3_full_dsp_64_u/U0/i_synth/ADDSUB_OP.ADDSUB/LOGIC_SPEED.OP/ALIGN_BLK/FRAC_ADDSUB/DSP_ADD.FRAC_ADDSUB/DSP48E1_ADD.DSP48E1_ADD/aclk
                         DSP48E1                                      r  bd_0_i/hls_inst/inst/nnForwardProp_dadd_64ns_64ns_64_5_full_dsp_1_U7/nnForwardProp_ap_dadd_3_full_dsp_64_u/U0/i_synth/ADDSUB_OP.ADDSUB/LOGIC_SPEED.OP/ALIGN_BLK/FRAC_ADDSUB/DSP_ADD.FRAC_ADDSUB/DSP48E1_ADD.DSP48E1_ADD/DSP/CLK
                         clock pessimism              0.000    10.924    
                         clock uncertainty           -0.035    10.889    
                         DSP48E1 (Setup_dsp48e1_CLK_OPMODE[0])
                                                     -2.209     8.680    bd_0_i/hls_inst/inst/nnForwardProp_dadd_64ns_64ns_64_5_full_dsp_1_U7/nnForwardProp_ap_dadd_3_full_dsp_64_u/U0/i_synth/ADDSUB_OP.ADDSUB/LOGIC_SPEED.OP/ALIGN_BLK/FRAC_ADDSUB/DSP_ADD.FRAC_ADDSUB/DSP48E1_ADD.DSP48E1_ADD/DSP
  -------------------------------------------------------------------
                         required time                          8.680    
                         arrival time                          -7.430    
  -------------------------------------------------------------------
                         slack                                  1.250    





Min Delay Paths
--------------------------------------------------------------------------------------
Slack (MET) :             0.193ns  (arrival time - required time)
  Source:                 bd_0_i/hls_inst/inst/L1Buffer_addr_2_reg_741_pp0_iter33_reg_reg[0]_srl32/CLK
                            (rising edge-triggered cell SRLC32E clocked by ap_clk  {rise@0.000ns fall@5.000ns period=10.000ns})
  Destination:            bd_0_i/hls_inst/inst/L1Buffer_addr_2_reg_741_pp0_iter56_reg_reg[0]_srl23/D
                            (rising edge-triggered cell SRLC32E clocked by ap_clk  {rise@0.000ns fall@5.000ns period=10.000ns})
  Path Group:             ap_clk
  Path Type:              Hold (Min at Fast Process Corner)
  Requirement:            0.000ns  (ap_clk rise@0.000ns - ap_clk rise@0.000ns)
  Data Path Delay:        0.332ns  (logic 0.332ns (100.000%)  route 0.000ns (0.000%))
  Logic Levels:           0  
  Clock Path Skew:        0.022ns (DCD - SCD - CPR)
    Destination Clock Delay (DCD):    0.432ns
    Source Clock Delay      (SCD):    0.410ns
    Clock Pessimism Removal (CPR):    -0.000ns

    Location             Delay type                Incr(ns)  Path(ns)    Netlist Resource(s)
  -------------------------------------------------------------------    -------------------
                         (clock ap_clk rise edge)     0.000     0.000 r  
                                                      0.000     0.000 r  ap_clk (IN)
                         net (fo=6432, unset)         0.410     0.410    bd_0_i/hls_inst/inst/ap_clk
                         SRLC32E                                      r  bd_0_i/hls_inst/inst/L1Buffer_addr_2_reg_741_pp0_iter33_reg_reg[0]_srl32/CLK
  -------------------------------------------------------------------    -------------------
                         SRLC32E (Prop_srlc32e_CLK_Q31)
                                                      0.332     0.742 r  bd_0_i/hls_inst/inst/L1Buffer_addr_2_reg_741_pp0_iter33_reg_reg[0]_srl32/Q31
                         net (fo=1, unplaced)         0.000     0.742    bd_0_i/hls_inst/inst/L1Buffer_addr_2_reg_741_pp0_iter33_reg_reg[0]_srl32_n_1
                         SRLC32E                                      r  bd_0_i/hls_inst/inst/L1Buffer_addr_2_reg_741_pp0_iter56_reg_reg[0]_srl23/D
  -------------------------------------------------------------------    -------------------

                         (clock ap_clk rise edge)     0.000     0.000 r  
                                                      0.000     0.000 r  ap_clk (IN)
                         net (fo=6432, unset)         0.432     0.432    bd_0_i/hls_inst/inst/ap_clk
                         SRLC32E                                      r  bd_0_i/hls_inst/inst/L1Buffer_addr_2_reg_741_pp0_iter56_reg_reg[0]_srl23/CLK
                         clock pessimism              0.000     0.432    
                         SRLC32E (Hold_srlc32e_CLK_D)
                                                      0.117     0.549    bd_0_i/hls_inst/inst/L1Buffer_addr_2_reg_741_pp0_iter56_reg_reg[0]_srl23
  -------------------------------------------------------------------
                         required time                         -0.549    
                         arrival time                           0.742    
  -------------------------------------------------------------------
                         slack                                  0.193    





Pulse Width Checks
--------------------------------------------------------------------------------------
Clock Name:         ap_clk
Waveform(ns):       { 0.000 5.000 }
Period(ns):         10.000
Sources:            { ap_clk }

Check Type        Corner  Lib Pin      Reference Pin  Required(ns)  Actual(ns)  Slack(ns)  Location  Pin
Min Period        n/a     DSP48E1/CLK  n/a            3.884         10.000      6.116                bd_0_i/hls_inst/inst/nnForwardProp_dexp_64ns_64ns_64_18_full_dsp_1_U9/nnForwardProp_ap_dexp_16_full_dsp_64_u/U0/i_synth/EXP_OP.i_sp_or_dp.OP/g_Fr_other.i_calculate_Fr/dsp_extra_fabric_adder.mult_with_add_low/use_prim.appDSP48[2].bppDSP48[0].use_dsp.use_dsp48e1.iDSP48E1/CLK
Low Pulse Width   Fast    RAMD32/CLK   n/a            1.250         5.000       3.750                bd_0_i/hls_inst/inst/SrcBuffer_U/nnForwardProp_SrcBuffer_ram_U/ram_reg_0_15_0_0/DP/CLK
High Pulse Width  Slow    RAMD32/CLK   n/a            1.250         5.000       3.750                bd_0_i/hls_inst/inst/SrcBuffer_U/nnForwardProp_SrcBuffer_ram_U/ram_reg_0_15_0_0/DP/CLK




HLS EXTRACTION: calculating BRAM count: (0 bram18) + 2 * (1 bram36)
HLS EXTRACTION: synth area_totals:  0 53200 106400 220 280 0 0
HLS EXTRACTION: synth area_current: 0 7067 6049 39 2 0 279 0 0 0
HLS EXTRACTION: generated /home/mayor/PINN/solution1/impl/report/verilog/nnForwardProp_export.xml


Implementation tool: Xilinx Vivado v.2019.1
Project:             PINN
Solution:            solution1
Device target:       xc7z020-clg400-1
Report date:         Thu Aug 22 15:36:33 +0630 2019

#=== Post-Synthesis Resource usage ===
SLICE:            0
LUT:           7067
FF:            6049
DSP:             39
BRAM:             2
SRL:            279
#=== Final timing ===
CP required:    10.000
CP achieved post-synthesis:    8.750
Timing met

HLS EXTRACTION: generated /home/mayor/PINN/solution1/impl/report/verilog/nnForwardProp_export.rpt
INFO: [Common 17-206] Exiting Vivado at Thu Aug 22 15:36:33 2019...
